::1 - - [07/May/2020:10:44:46 +0000] "GET /users/sign-in HTTP/1.1" 200 4813 "-" "Mozilla/5.0 (X11; Linux x86_64) AppleWebKit/537.36 (KHTML, like Gecko) Chrome/81.0.4044.113 Safari/537.36"
::1 - - [07/May/2020:10:44:46 +0000] "GET /css/footer.css HTTP/1.1" 404 153 "http://localhost:5500/users/sign-in" "Mozilla/5.0 (X11; Linux x86_64) AppleWebKit/537.36 (KHTML, like Gecko) Chrome/81.0.4044.113 Safari/537.36"
::1 - - [07/May/2020:10:44:46 +0000] "GET /css/layout.css HTTP/1.1" 404 153 "http://localhost:5500/users/sign-in" "Mozilla/5.0 (X11; Linux x86_64) AppleWebKit/537.36 (KHTML, like Gecko) Chrome/81.0.4044.113 Safari/537.36"
::1 - - [07/May/2020:10:44:46 +0000] "GET /css/header.css HTTP/1.1" 404 153 "http://localhost:5500/users/sign-in" "Mozilla/5.0 (X11; Linux x86_64) AppleWebKit/537.36 (KHTML, like Gecko) Chrome/81.0.4044.113 Safari/537.36"
::1 - - [07/May/2020:10:44:46 +0000] "GET /css/footer.css HTTP/1.1" 404 153 "http://localhost:5500/users/sign-in" "Mozilla/5.0 (X11; Linux x86_64) AppleWebKit/537.36 (KHTML, like Gecko) Chrome/81.0.4044.113 Safari/537.36"
::1 - - [07/May/2020:10:44:46 +0000] "GET /favicon.ico HTTP/1.1" 404 150 "http://localhost:5500/users/sign-in" "Mozilla/5.0 (X11; Linux x86_64) AppleWebKit/537.36 (KHTML, like Gecko) Chrome/81.0.4044.113 Safari/537.36"
::1 - - [07/May/2020:10:45:03 +0000] "GET /css/layout.css HTTP/1.1" 404 153 "http://localhost:5500/users/sign-in" "Mozilla/5.0 (X11; Linux x86_64) AppleWebKit/537.36 (KHTML, like Gecko) Chrome/81.0.4044.113 Safari/537.36"
::1 - - [07/May/2020:10:45:03 +0000] "GET /css/header.css HTTP/1.1" 404 153 "http://localhost:5500/users/sign-in" "Mozilla/5.0 (X11; Linux x86_64) AppleWebKit/537.36 (KHTML, like Gecko) Chrome/81.0.4044.113 Safari/537.36"
::1 - - [07/May/2020:10:45:03 +0000] "GET /css/footer.css HTTP/1.1" 404 153 "http://localhost:5500/users/sign-in" "Mozilla/5.0 (X11; Linux x86_64) AppleWebKit/537.36 (KHTML, like Gecko) Chrome/81.0.4044.113 Safari/537.36"
::1 - - [07/May/2020:10:45:25 +0000] "GET /users/sign-in HTTP/1.1" 304 - "-" "Mozilla/5.0 (X11; Linux x86_64) AppleWebKit/537.36 (KHTML, like Gecko) Chrome/81.0.4044.113 Safari/537.36"
::1 - - [07/May/2020:10:45:26 +0000] "GET /css/layout.css HTTP/1.1" 404 153 "http://localhost:5500/users/sign-in" "Mozilla/5.0 (X11; Linux x86_64) AppleWebKit/537.36 (KHTML, like Gecko) Chrome/81.0.4044.113 Safari/537.36"
::1 - - [07/May/2020:10:45:26 +0000] "GET /css/header.css HTTP/1.1" 404 153 "http://localhost:5500/users/sign-in" "Mozilla/5.0 (X11; Linux x86_64) AppleWebKit/537.36 (KHTML, like Gecko) Chrome/81.0.4044.113 Safari/537.36"
::1 - - [07/May/2020:10:45:26 +0000] "GET /css/footer.css HTTP/1.1" 404 153 "http://localhost:5500/users/sign-in" "Mozilla/5.0 (X11; Linux x86_64) AppleWebKit/537.36 (KHTML, like Gecko) Chrome/81.0.4044.113 Safari/537.36"
::1 - - [07/May/2020:10:45:26 +0000] "GET /css/header.css HTTP/1.1" 404 153 "http://localhost:5500/users/sign-in" "Mozilla/5.0 (X11; Linux x86_64) AppleWebKit/537.36 (KHTML, like Gecko) Chrome/81.0.4044.113 Safari/537.36"
::1 - - [07/May/2020:10:45:26 +0000] "GET /css/footer.css HTTP/1.1" 404 153 "http://localhost:5500/users/sign-in" "Mozilla/5.0 (X11; Linux x86_64) AppleWebKit/537.36 (KHTML, like Gecko) Chrome/81.0.4044.113 Safari/537.36"
::1 - - [07/May/2020:10:48:14 +0000] "GET /users/sign-in HTTP/1.1" 304 - "-" "Mozilla/5.0 (X11; Linux x86_64) AppleWebKit/537.36 (KHTML, like Gecko) Chrome/81.0.4044.113 Safari/537.36"
::1 - - [07/May/2020:10:48:14 +0000] "GET /css/layout.css HTTP/1.1" 404 153 "http://localhost:5500/users/sign-in" "Mozilla/5.0 (X11; Linux x86_64) AppleWebKit/537.36 (KHTML, like Gecko) Chrome/81.0.4044.113 Safari/537.36"
::1 - - [07/May/2020:10:48:14 +0000] "GET /css/footer.css HTTP/1.1" 404 153 "http://localhost:5500/users/sign-in" "Mozilla/5.0 (X11; Linux x86_64) AppleWebKit/537.36 (KHTML, like Gecko) Chrome/81.0.4044.113 Safari/537.36"
::1 - - [07/May/2020:10:48:14 +0000] "GET /css/header.css HTTP/1.1" 404 153 "http://localhost:5500/users/sign-in" "Mozilla/5.0 (X11; Linux x86_64) AppleWebKit/537.36 (KHTML, like Gecko) Chrome/81.0.4044.113 Safari/537.36"
::1 - - [07/May/2020:10:48:14 +0000] "GET /css/header.css HTTP/1.1" 404 153 "http://localhost:5500/users/sign-in" "Mozilla/5.0 (X11; Linux x86_64) AppleWebKit/537.36 (KHTML, like Gecko) Chrome/81.0.4044.113 Safari/537.36"
::1 - - [07/May/2020:10:48:14 +0000] "GET /css/footer.css HTTP/1.1" 404 153 "http://localhost:5500/users/sign-in" "Mozilla/5.0 (X11; Linux x86_64) AppleWebKit/537.36 (KHTML, like Gecko) Chrome/81.0.4044.113 Safari/537.36"
::1 - - [07/May/2020:10:56:29 +0000] "GET /users/sign-in HTTP/1.1" 304 - "-" "Mozilla/5.0 (X11; Linux x86_64) AppleWebKit/537.36 (KHTML, like Gecko) Chrome/81.0.4044.113 Safari/537.36"
::1 - - [07/May/2020:10:56:29 +0000] "GET /css/layout.css HTTP/1.1" 404 153 "http://localhost:5500/users/sign-in" "Mozilla/5.0 (X11; Linux x86_64) AppleWebKit/537.36 (KHTML, like Gecko) Chrome/81.0.4044.113 Safari/537.36"
::1 - - [07/May/2020:10:56:29 +0000] "GET /css/header.css HTTP/1.1" 404 153 "http://localhost:5500/users/sign-in" "Mozilla/5.0 (X11; Linux x86_64) AppleWebKit/537.36 (KHTML, like Gecko) Chrome/81.0.4044.113 Safari/537.36"
::1 - - [07/May/2020:10:56:29 +0000] "GET /css/footer.css HTTP/1.1" 404 153 "http://localhost:5500/users/sign-in" "Mozilla/5.0 (X11; Linux x86_64) AppleWebKit/537.36 (KHTML, like Gecko) Chrome/81.0.4044.113 Safari/537.36"
::1 - - [07/May/2020:10:56:30 +0000] "GET /css/header.css HTTP/1.1" 404 153 "http://localhost:5500/users/sign-in" "Mozilla/5.0 (X11; Linux x86_64) AppleWebKit/537.36 (KHTML, like Gecko) Chrome/81.0.4044.113 Safari/537.36"
::1 - - [07/May/2020:10:56:30 +0000] "GET /css/footer.css HTTP/1.1" 404 153 "http://localhost:5500/users/sign-in" "Mozilla/5.0 (X11; Linux x86_64) AppleWebKit/537.36 (KHTML, like Gecko) Chrome/81.0.4044.113 Safari/537.36"
::1 - - [07/May/2020:10:56:38 +0000] "GET /users/sign-in HTTP/1.1" 304 - "-" "Mozilla/5.0 (X11; Linux x86_64) AppleWebKit/537.36 (KHTML, like Gecko) Chrome/81.0.4044.113 Safari/537.36"
::1 - - [07/May/2020:10:56:38 +0000] "GET /css/header.css HTTP/1.1" 404 153 "http://localhost:5500/users/sign-in" "Mozilla/5.0 (X11; Linux x86_64) AppleWebKit/537.36 (KHTML, like Gecko) Chrome/81.0.4044.113 Safari/537.36"
::1 - - [07/May/2020:10:56:38 +0000] "GET /css/layout.css HTTP/1.1" 404 153 "http://localhost:5500/users/sign-in" "Mozilla/5.0 (X11; Linux x86_64) AppleWebKit/537.36 (KHTML, like Gecko) Chrome/81.0.4044.113 Safari/537.36"
::1 - - [07/May/2020:10:56:38 +0000] "GET /css/footer.css HTTP/1.1" 404 153 "http://localhost:5500/users/sign-in" "Mozilla/5.0 (X11; Linux x86_64) AppleWebKit/537.36 (KHTML, like Gecko) Chrome/81.0.4044.113 Safari/537.36"
::1 - - [07/May/2020:10:56:38 +0000] "GET /css/header.css HTTP/1.1" 404 153 "http://localhost:5500/users/sign-in" "Mozilla/5.0 (X11; Linux x86_64) AppleWebKit/537.36 (KHTML, like Gecko) Chrome/81.0.4044.113 Safari/537.36"
::1 - - [07/May/2020:10:56:38 +0000] "GET /css/footer.css HTTP/1.1" 404 153 "http://localhost:5500/users/sign-in" "Mozilla/5.0 (X11; Linux x86_64) AppleWebKit/537.36 (KHTML, like Gecko) Chrome/81.0.4044.113 Safari/537.36"
::1 - - [07/May/2020:10:56:41 +0000] "GET /users/sign-in HTTP/1.1" 304 - "-" "Mozilla/5.0 (X11; Linux x86_64) AppleWebKit/537.36 (KHTML, like Gecko) Chrome/81.0.4044.113 Safari/537.36"
::1 - - [07/May/2020:10:56:41 +0000] "GET /css/layout.css HTTP/1.1" 404 153 "http://localhost:5500/users/sign-in" "Mozilla/5.0 (X11; Linux x86_64) AppleWebKit/537.36 (KHTML, like Gecko) Chrome/81.0.4044.113 Safari/537.36"
::1 - - [07/May/2020:10:56:42 +0000] "GET /css/header.css HTTP/1.1" 404 153 "http://localhost:5500/users/sign-in" "Mozilla/5.0 (X11; Linux x86_64) AppleWebKit/537.36 (KHTML, like Gecko) Chrome/81.0.4044.113 Safari/537.36"
::1 - - [07/May/2020:10:56:42 +0000] "GET /css/footer.css HTTP/1.1" 404 153 "http://localhost:5500/users/sign-in" "Mozilla/5.0 (X11; Linux x86_64) AppleWebKit/537.36 (KHTML, like Gecko) Chrome/81.0.4044.113 Safari/537.36"
::1 - - [07/May/2020:10:56:42 +0000] "GET /css/header.css HTTP/1.1" 404 153 "http://localhost:5500/users/sign-in" "Mozilla/5.0 (X11; Linux x86_64) AppleWebKit/537.36 (KHTML, like Gecko) Chrome/81.0.4044.113 Safari/537.36"
::1 - - [07/May/2020:10:56:42 +0000] "GET /css/footer.css HTTP/1.1" 404 153 "http://localhost:5500/users/sign-in" "Mozilla/5.0 (X11; Linux x86_64) AppleWebKit/537.36 (KHTML, like Gecko) Chrome/81.0.4044.113 Safari/537.36"
::1 - - [07/May/2020:11:10:39 +0000] "GET /users/sign-in HTTP/1.1" 304 - "-" "Mozilla/5.0 (X11; Linux x86_64) AppleWebKit/537.36 (KHTML, like Gecko) Chrome/81.0.4044.113 Safari/537.36"
::1 - - [07/May/2020:11:10:39 +0000] "GET /css/header.css HTTP/1.1" 200 766 "http://localhost:5500/users/sign-in" "Mozilla/5.0 (X11; Linux x86_64) AppleWebKit/537.36 (KHTML, like Gecko) Chrome/81.0.4044.113 Safari/537.36"
::1 - - [07/May/2020:11:10:39 +0000] "GET /css/footer.css HTTP/1.1" 200 662 "http://localhost:5500/users/sign-in" "Mozilla/5.0 (X11; Linux x86_64) AppleWebKit/537.36 (KHTML, like Gecko) Chrome/81.0.4044.113 Safari/537.36"
::1 - - [07/May/2020:11:10:39 +0000] "GET /css/layout.css HTTP/1.1" 200 2409 "http://localhost:5500/users/sign-in" "Mozilla/5.0 (X11; Linux x86_64) AppleWebKit/537.36 (KHTML, like Gecko) Chrome/81.0.4044.113 Safari/537.36"
::1 - - [07/May/2020:11:10:57 +0000] "GET /users/auth/google HTTP/1.1" 302 0 "http://localhost:5500/users/sign-in" "Mozilla/5.0 (X11; Linux x86_64) AppleWebKit/537.36 (KHTML, like Gecko) Chrome/81.0.4044.113 Safari/537.36"
::1 - - [07/May/2020:11:22:16 +0000] "GET / HTTP/1.1" 404 139 "-" "Mozilla/5.0 (X11; Linux x86_64) AppleWebKit/537.36 (KHTML, like Gecko) Chrome/81.0.4044.113 Safari/537.36"
::1 - - [07/May/2020:11:22:19 +0000] "GET /users/sign-in HTTP/1.1" 304 - "-" "Mozilla/5.0 (X11; Linux x86_64) AppleWebKit/537.36 (KHTML, like Gecko) Chrome/81.0.4044.113 Safari/537.36"
::1 - - [07/May/2020:11:22:19 +0000] "GET /css/layout.css HTTP/1.1" 200 2409 "http://localhost:8000/users/sign-in" "Mozilla/5.0 (X11; Linux x86_64) AppleWebKit/537.36 (KHTML, like Gecko) Chrome/81.0.4044.113 Safari/537.36"
::1 - - [07/May/2020:11:22:19 +0000] "GET /css/header.css HTTP/1.1" 200 766 "http://localhost:8000/users/sign-in" "Mozilla/5.0 (X11; Linux x86_64) AppleWebKit/537.36 (KHTML, like Gecko) Chrome/81.0.4044.113 Safari/537.36"
::1 - - [07/May/2020:11:22:19 +0000] "GET /css/footer.css HTTP/1.1" 200 662 "http://localhost:8000/users/sign-in" "Mozilla/5.0 (X11; Linux x86_64) AppleWebKit/537.36 (KHTML, like Gecko) Chrome/81.0.4044.113 Safari/537.36"
::1 - - [07/May/2020:11:22:22 +0000] "GET /users/auth/google HTTP/1.1" 302 0 "http://localhost:8000/users/sign-in" "Mozilla/5.0 (X11; Linux x86_64) AppleWebKit/537.36 (KHTML, like Gecko) Chrome/81.0.4044.113 Safari/537.36"
::1 - - [07/May/2020:11:22:27 +0000] "GET /users/auth/google/callback?code=4%2FzQHDil15OqVQReQ9rTXQsySbkjRkUYy2P4hD6-LOl9n2lIWgiWIGUOXbUj4IxPK6d-R-J2K_SVA-mKFoJk3juwY&scope=email+profile+https%3A%2F%2Fwww.googleapis.com%2Fauth%2Fuserinfo.profile+https%3A%2F%2Fwww.googleapis.com%2Fauth%2Fuserinfo.email+openid&authuser=0&prompt=consent HTTP/1.1" 302 122 "-" "Mozilla/5.0 (X11; Linux x86_64) AppleWebKit/537.36 (KHTML, like Gecko) Chrome/81.0.4044.113 Safari/537.36"
::1 - - [07/May/2020:11:22:27 +0000] "GET /users/profile/5ea06435f976e46a4f243af7 HTTP/1.1" 304 - "-" "Mozilla/5.0 (X11; Linux x86_64) AppleWebKit/537.36 (KHTML, like Gecko) Chrome/81.0.4044.113 Safari/537.36"
::1 - - [07/May/2020:11:22:28 +0000] "GET /css/layout.css HTTP/1.1" 304 - "http://localhost:8000/users/profile/5ea06435f976e46a4f243af7" "Mozilla/5.0 (X11; Linux x86_64) AppleWebKit/537.36 (KHTML, like Gecko) Chrome/81.0.4044.113 Safari/537.36"
::1 - - [07/May/2020:11:22:28 +0000] "GET /css/header.css HTTP/1.1" 304 - "http://localhost:8000/users/profile/5ea06435f976e46a4f243af7" "Mozilla/5.0 (X11; Linux x86_64) AppleWebKit/537.36 (KHTML, like Gecko) Chrome/81.0.4044.113 Safari/537.36"
::1 - - [07/May/2020:11:22:28 +0000] "GET /css/footer.css HTTP/1.1" 304 - "http://localhost:8000/users/profile/5ea06435f976e46a4f243af7" "Mozilla/5.0 (X11; Linux x86_64) AppleWebKit/537.36 (KHTML, like Gecko) Chrome/81.0.4044.113 Safari/537.36"
::1 - - [07/May/2020:11:22:28 +0000] "GET /uploads/users/avatars/avatar-1588419602864 HTTP/1.1" 200 271288 "http://localhost:8000/users/profile/5ea06435f976e46a4f243af7" "Mozilla/5.0 (X11; Linux x86_64) AppleWebKit/537.36 (KHTML, like Gecko) Chrome/81.0.4044.113 Safari/537.36"
[0mGET /users/sign-in [36m304[0m 91.201 ms - -[0m
[0mGET /users/profile/5ea06435f976e46a4f243af7 [36m302[0m 32.344 ms - 72[0m
[0mGET /users/sign-in [0m-[0m - ms - -[0m
[0mGET /users/profile/5ea06435f976e46a4f243af7 [0m-[0m - ms - -[0m
[0mGET /users/profile/5ea06435f976e46a4f243af7 [0m-[0m - ms - -[0m
[0mGET /users/profile/5ea06435f976e46a4f243af7 [0m-[0m - ms - -[0m
[0mGET /users/profile/5ea06435f976e46a4f243af7 [0m-[0m - ms - -[0m
[0mGET /users/profile/5ea06435f976e46a4f243af7 [0m-[0m - ms - -[0m
[0mGET /users/profile/5ea06435f976e46a4f243af7 [0m-[0m - ms - -[0m
[0mGET /users/profile/5ea06435f976e46a4f243af7 [0m-[0m - ms - -[0m
